2019-02-13 23:55:03,211 org.hibernate.Version logVersion - HHH000412: Hibernate Core {5.4.0.Final}
2019-02-13 23:55:03,215 org.hibernate.cfg.Environment <clinit> - HHH000206: hibernate.properties not found
2019-02-13 23:55:03,458 org.hibernate.orm.deprecation resolveEntity - HHH90000012: Recognized obsolete hibernate namespace http://hibernate.sourceforge.net/hibernate-configuration. Use namespace http://www.hibernate.org/dtd/hibernate-configuration instead.  Support for obsolete DTD/XSD namespaces may be removed at any time.
2019-02-13 23:55:03,795 org.hibernate.annotations.common.Version <clinit> - HCANN000001: Hibernate Commons Annotations {5.1.0.Final}
2019-02-13 23:55:04,707 org.hibernate.orm.connections.pooling configure - HHH10001002: Using Hibernate built-in connection pool (not for production use!)
2019-02-13 23:55:04,716 org.hibernate.orm.connections.pooling buildCreator - HHH10001005: using driver [org.postgresql.Driver] at URL [jdbc:postgresql://localhost:9999/BDgrup2]
2019-02-13 23:55:04,717 org.hibernate.orm.connections.pooling buildCreator - HHH10001001: Connection properties: {user=grup2, password=****}
2019-02-13 23:55:04,717 org.hibernate.orm.connections.pooling buildCreator - HHH10001003: Autocommit mode: false
2019-02-13 23:55:04,721 org.hibernate.engine.jdbc.connections.internal.DriverManagerConnectionProviderImpl <init> - HHH000115: Hibernate connection pool size: 20 (min=1)
2019-02-13 23:55:05,761 org.hibernate.engine.jdbc.env.internal.JdbcEnvironmentInitiator initiateService - HHH000342: Could not obtain connection to query metadata : null
2019-02-13 23:55:05,770 org.hibernate.dialect.Dialect <init> - HHH000400: Using dialect: org.hibernate.dialect.PostgreSQLDialect
2019-02-13 23:55:05,783 org.hibernate.engine.jdbc.env.internal.LobCreatorBuilderImpl makeLobCreatorBuilder - HHH000422: Disabling contextual LOB creation as connection was null
2019-02-13 23:55:05,784 org.hibernate.engine.jdbc.spi.SqlExceptionHelper logExceptions - SQL Error: 0, SQLState: 08001
2019-02-13 23:55:05,784 org.hibernate.engine.jdbc.spi.SqlExceptionHelper logExceptions - Conexión rechazada. Verifique que el nombre del Host y el puerto sean correctos y que postmaster este aceptando conexiones TCP/IP.
2019-02-13 23:56:20,909 org.hibernate.Version logVersion - HHH000412: Hibernate Core {5.4.0.Final}
2019-02-13 23:56:20,913 org.hibernate.cfg.Environment <clinit> - HHH000206: hibernate.properties not found
2019-02-13 23:56:21,081 org.hibernate.orm.deprecation resolveEntity - HHH90000012: Recognized obsolete hibernate namespace http://hibernate.sourceforge.net/hibernate-configuration. Use namespace http://www.hibernate.org/dtd/hibernate-configuration instead.  Support for obsolete DTD/XSD namespaces may be removed at any time.
2019-02-13 23:56:21,359 org.hibernate.annotations.common.Version <clinit> - HCANN000001: Hibernate Commons Annotations {5.1.0.Final}
2019-02-13 23:56:22,107 org.hibernate.orm.connections.pooling configure - HHH10001002: Using Hibernate built-in connection pool (not for production use!)
2019-02-13 23:56:22,115 org.hibernate.orm.connections.pooling buildCreator - HHH10001005: using driver [org.postgresql.Driver] at URL [jdbc:postgresql://149.202.8.235:5432/BDgrup2]
2019-02-13 23:56:22,116 org.hibernate.orm.connections.pooling buildCreator - HHH10001001: Connection properties: {user=grup2, password=****}
2019-02-13 23:56:22,116 org.hibernate.orm.connections.pooling buildCreator - HHH10001003: Autocommit mode: false
2019-02-13 23:56:22,120 org.hibernate.engine.jdbc.connections.internal.DriverManagerConnectionProviderImpl <init> - HHH000115: Hibernate connection pool size: 20 (min=1)
2019-02-13 23:56:22,299 org.hibernate.dialect.Dialect <init> - HHH000400: Using dialect: org.hibernate.dialect.PostgreSQLDialect
2019-02-13 23:57:01,274 org.hibernate.type.BasicTypeRegistry register - HHH000270: Type registration [java.util.UUID] overrides previous : org.hibernate.type.UUIDBinaryType@4773fe52
2019-02-13 23:57:02,178 org.hibernate.engine.transaction.jta.platform.internal.JtaPlatformInitiator initiateService - HHH000490: Using JtaPlatform implementation: [org.hibernate.engine.transaction.jta.platform.internal.NoJtaPlatform]
2019-02-13 23:57:02,261 org.hibernate.hql.internal.QueryTranslatorFactoryInitiator initiateService - HHH000397: Using ASTQueryTranslatorFactory
2019-02-14 10:42:06,638 org.hibernate.Version logVersion - HHH000412: Hibernate Core {5.4.0.Final}
2019-02-14 10:42:06,658 org.hibernate.cfg.Environment <clinit> - HHH000206: hibernate.properties not found
2019-02-14 10:42:06,928 org.hibernate.orm.deprecation resolveEntity - HHH90000012: Recognized obsolete hibernate namespace http://hibernate.sourceforge.net/hibernate-configuration. Use namespace http://www.hibernate.org/dtd/hibernate-configuration instead.  Support for obsolete DTD/XSD namespaces may be removed at any time.
2019-02-14 10:42:07,199 org.hibernate.annotations.common.Version <clinit> - HCANN000001: Hibernate Commons Annotations {5.1.0.Final}
2019-02-14 10:42:08,470 org.hibernate.orm.connections.pooling configure - HHH10001002: Using Hibernate built-in connection pool (not for production use!)
2019-02-14 10:42:08,480 org.hibernate.orm.connections.pooling buildCreator - HHH10001005: using driver [org.postgresql.Driver] at URL [jdbc:postgresql://149.202.8.235:5432/BDgrup2]
2019-02-14 10:42:08,480 org.hibernate.orm.connections.pooling buildCreator - HHH10001001: Connection properties: {user=grup2, password=****}
2019-02-14 10:42:08,480 org.hibernate.orm.connections.pooling buildCreator - HHH10001003: Autocommit mode: false
2019-02-14 10:42:08,480 org.hibernate.engine.jdbc.connections.internal.DriverManagerConnectionProviderImpl <init> - HHH000115: Hibernate connection pool size: 20 (min=1)
2019-02-14 10:42:08,670 org.hibernate.dialect.Dialect <init> - HHH000400: Using dialect: org.hibernate.dialect.PostgreSQLDialect
2019-02-14 10:42:47,683 org.hibernate.type.BasicTypeRegistry register - HHH000270: Type registration [java.util.UUID] overrides previous : org.hibernate.type.UUIDBinaryType@7e6b312
2019-02-14 10:42:48,615 org.hibernate.engine.transaction.jta.platform.internal.JtaPlatformInitiator initiateService - HHH000490: Using JtaPlatform implementation: [org.hibernate.engine.transaction.jta.platform.internal.NoJtaPlatform]
2019-02-14 10:42:48,725 org.hibernate.hql.internal.QueryTranslatorFactoryInitiator initiateService - HHH000397: Using ASTQueryTranslatorFactory
2019-02-14 11:11:43,385 org.hibernate.Version logVersion - HHH000412: Hibernate Core {5.4.0.Final}
2019-02-14 11:11:43,395 org.hibernate.cfg.Environment <clinit> - HHH000206: hibernate.properties not found
2019-02-14 11:11:43,627 org.hibernate.orm.deprecation resolveEntity - HHH90000012: Recognized obsolete hibernate namespace http://hibernate.sourceforge.net/hibernate-configuration. Use namespace http://www.hibernate.org/dtd/hibernate-configuration instead.  Support for obsolete DTD/XSD namespaces may be removed at any time.
2019-02-14 11:11:43,861 org.hibernate.annotations.common.Version <clinit> - HCANN000001: Hibernate Commons Annotations {5.1.0.Final}
2019-02-14 11:11:44,964 org.hibernate.orm.connections.pooling configure - HHH10001002: Using Hibernate built-in connection pool (not for production use!)
2019-02-14 11:11:44,974 org.hibernate.orm.connections.pooling buildCreator - HHH10001005: using driver [org.postgresql.Driver] at URL [jdbc:postgresql://149.202.8.235:5432/BDgrup2]
2019-02-14 11:11:44,974 org.hibernate.orm.connections.pooling buildCreator - HHH10001001: Connection properties: {user=grup2, password=****}
2019-02-14 11:11:44,974 org.hibernate.orm.connections.pooling buildCreator - HHH10001003: Autocommit mode: false
2019-02-14 11:11:44,974 org.hibernate.engine.jdbc.connections.internal.DriverManagerConnectionProviderImpl <init> - HHH000115: Hibernate connection pool size: 20 (min=1)
2019-02-14 11:11:45,174 org.hibernate.dialect.Dialect <init> - HHH000400: Using dialect: org.hibernate.dialect.PostgreSQLDialect
2019-02-14 11:12:38,493 org.hibernate.Version logVersion - HHH000412: Hibernate Core {5.4.0.Final}
2019-02-14 11:12:38,493 org.hibernate.cfg.Environment <clinit> - HHH000206: hibernate.properties not found
2019-02-14 11:12:38,713 org.hibernate.orm.deprecation resolveEntity - HHH90000012: Recognized obsolete hibernate namespace http://hibernate.sourceforge.net/hibernate-configuration. Use namespace http://www.hibernate.org/dtd/hibernate-configuration instead.  Support for obsolete DTD/XSD namespaces may be removed at any time.
2019-02-14 11:12:38,963 org.hibernate.annotations.common.Version <clinit> - HCANN000001: Hibernate Commons Annotations {5.1.0.Final}
2019-02-14 11:12:40,052 org.hibernate.orm.connections.pooling configure - HHH10001002: Using Hibernate built-in connection pool (not for production use!)
2019-02-14 11:12:40,052 org.hibernate.orm.connections.pooling buildCreator - HHH10001005: using driver [org.postgresql.Driver] at URL [jdbc:postgresql://149.202.8.235:5432/BDgrup2]
2019-02-14 11:12:40,052 org.hibernate.orm.connections.pooling buildCreator - HHH10001001: Connection properties: {user=grup2, password=****}
2019-02-14 11:12:40,052 org.hibernate.orm.connections.pooling buildCreator - HHH10001003: Autocommit mode: false
2019-02-14 11:12:40,052 org.hibernate.engine.jdbc.connections.internal.DriverManagerConnectionProviderImpl <init> - HHH000115: Hibernate connection pool size: 20 (min=1)
2019-02-14 11:12:40,232 org.hibernate.dialect.Dialect <init> - HHH000400: Using dialect: org.hibernate.dialect.PostgreSQLDialect
2019-02-14 11:13:16,276 org.hibernate.Version logVersion - HHH000412: Hibernate Core {5.4.0.Final}
2019-02-14 11:13:16,276 org.hibernate.cfg.Environment <clinit> - HHH000206: hibernate.properties not found
2019-02-14 11:13:16,498 org.hibernate.orm.deprecation resolveEntity - HHH90000012: Recognized obsolete hibernate namespace http://hibernate.sourceforge.net/hibernate-configuration. Use namespace http://www.hibernate.org/dtd/hibernate-configuration instead.  Support for obsolete DTD/XSD namespaces may be removed at any time.
2019-02-14 11:13:16,768 org.hibernate.annotations.common.Version <clinit> - HCANN000001: Hibernate Commons Annotations {5.1.0.Final}
2019-02-14 11:13:17,890 org.hibernate.orm.connections.pooling configure - HHH10001002: Using Hibernate built-in connection pool (not for production use!)
2019-02-14 11:13:17,900 org.hibernate.orm.connections.pooling buildCreator - HHH10001005: using driver [org.postgresql.Driver] at URL [jdbc:postgresql://149.202.8.235:5432/BDgrup2]
2019-02-14 11:13:17,900 org.hibernate.orm.connections.pooling buildCreator - HHH10001001: Connection properties: {user=grup2, password=****}
2019-02-14 11:13:17,900 org.hibernate.orm.connections.pooling buildCreator - HHH10001003: Autocommit mode: false
2019-02-14 11:13:17,900 org.hibernate.engine.jdbc.connections.internal.DriverManagerConnectionProviderImpl <init> - HHH000115: Hibernate connection pool size: 20 (min=1)
2019-02-14 11:13:18,110 org.hibernate.dialect.Dialect <init> - HHH000400: Using dialect: org.hibernate.dialect.PostgreSQLDialect
2019-02-14 11:16:47,092 org.hibernate.Version logVersion - HHH000412: Hibernate Core {5.4.0.Final}
2019-02-14 11:16:47,092 org.hibernate.cfg.Environment <clinit> - HHH000206: hibernate.properties not found
2019-02-14 11:16:47,302 org.hibernate.orm.deprecation resolveEntity - HHH90000012: Recognized obsolete hibernate namespace http://hibernate.sourceforge.net/hibernate-configuration. Use namespace http://www.hibernate.org/dtd/hibernate-configuration instead.  Support for obsolete DTD/XSD namespaces may be removed at any time.
2019-02-14 11:16:47,560 org.hibernate.annotations.common.Version <clinit> - HCANN000001: Hibernate Commons Annotations {5.1.0.Final}
2019-02-14 11:16:48,684 org.hibernate.orm.connections.pooling configure - HHH10001002: Using Hibernate built-in connection pool (not for production use!)
2019-02-14 11:16:48,694 org.hibernate.orm.connections.pooling buildCreator - HHH10001005: using driver [org.postgresql.Driver] at URL [jdbc:postgresql://149.202.8.235:5432/BDgrup2]
2019-02-14 11:16:48,694 org.hibernate.orm.connections.pooling buildCreator - HHH10001001: Connection properties: {user=grup2, password=****}
2019-02-14 11:16:48,694 org.hibernate.orm.connections.pooling buildCreator - HHH10001003: Autocommit mode: false
2019-02-14 11:16:48,694 org.hibernate.engine.jdbc.connections.internal.DriverManagerConnectionProviderImpl <init> - HHH000115: Hibernate connection pool size: 20 (min=1)
2019-02-14 11:16:48,884 org.hibernate.dialect.Dialect <init> - HHH000400: Using dialect: org.hibernate.dialect.PostgreSQLDialect
2019-02-14 11:20:22,662 org.hibernate.Version logVersion - HHH000412: Hibernate Core {5.4.0.Final}
2019-02-14 11:20:22,672 org.hibernate.cfg.Environment <clinit> - HHH000206: hibernate.properties not found
2019-02-14 11:20:22,872 org.hibernate.orm.deprecation resolveEntity - HHH90000012: Recognized obsolete hibernate namespace http://hibernate.sourceforge.net/hibernate-configuration. Use namespace http://www.hibernate.org/dtd/hibernate-configuration instead.  Support for obsolete DTD/XSD namespaces may be removed at any time.
2019-02-14 11:20:23,092 org.hibernate.annotations.common.Version <clinit> - HCANN000001: Hibernate Commons Annotations {5.1.0.Final}
2019-02-14 11:20:24,176 org.hibernate.orm.connections.pooling configure - HHH10001002: Using Hibernate built-in connection pool (not for production use!)
2019-02-14 11:20:24,176 org.hibernate.orm.connections.pooling buildCreator - HHH10001005: using driver [org.postgresql.Driver] at URL [jdbc:postgresql://149.202.8.235:5432/BDgrup2]
2019-02-14 11:20:24,186 org.hibernate.orm.connections.pooling buildCreator - HHH10001001: Connection properties: {user=grup2, password=****}
2019-02-14 11:20:24,186 org.hibernate.orm.connections.pooling buildCreator - HHH10001003: Autocommit mode: false
2019-02-14 11:20:24,186 org.hibernate.engine.jdbc.connections.internal.DriverManagerConnectionProviderImpl <init> - HHH000115: Hibernate connection pool size: 20 (min=1)
2019-02-14 11:20:24,356 org.hibernate.dialect.Dialect <init> - HHH000400: Using dialect: org.hibernate.dialect.PostgreSQLDialect
2019-02-14 11:20:41,229 org.hibernate.Version logVersion - HHH000412: Hibernate Core {5.4.0.Final}
2019-02-14 11:20:41,239 org.hibernate.cfg.Environment <clinit> - HHH000206: hibernate.properties not found
2019-02-14 11:20:41,440 org.hibernate.orm.deprecation resolveEntity - HHH90000012: Recognized obsolete hibernate namespace http://hibernate.sourceforge.net/hibernate-configuration. Use namespace http://www.hibernate.org/dtd/hibernate-configuration instead.  Support for obsolete DTD/XSD namespaces may be removed at any time.
2019-02-14 11:20:41,673 org.hibernate.annotations.common.Version <clinit> - HCANN000001: Hibernate Commons Annotations {5.1.0.Final}
2019-02-14 11:20:42,790 org.hibernate.orm.connections.pooling configure - HHH10001002: Using Hibernate built-in connection pool (not for production use!)
2019-02-14 11:20:42,800 org.hibernate.orm.connections.pooling buildCreator - HHH10001005: using driver [org.postgresql.Driver] at URL [jdbc:postgresql://149.202.8.235:5432/BDgrup2]
2019-02-14 11:20:42,800 org.hibernate.orm.connections.pooling buildCreator - HHH10001001: Connection properties: {user=grup2, password=****}
2019-02-14 11:20:42,800 org.hibernate.orm.connections.pooling buildCreator - HHH10001003: Autocommit mode: false
2019-02-14 11:20:42,810 org.hibernate.engine.jdbc.connections.internal.DriverManagerConnectionProviderImpl <init> - HHH000115: Hibernate connection pool size: 20 (min=1)
2019-02-14 11:20:43,012 org.hibernate.dialect.Dialect <init> - HHH000400: Using dialect: org.hibernate.dialect.PostgreSQLDialect
2019-02-14 11:21:00,871 org.hibernate.Version logVersion - HHH000412: Hibernate Core {5.4.0.Final}
2019-02-14 11:21:00,881 org.hibernate.cfg.Environment <clinit> - HHH000206: hibernate.properties not found
2019-02-14 11:21:01,063 org.hibernate.orm.deprecation resolveEntity - HHH90000012: Recognized obsolete hibernate namespace http://hibernate.sourceforge.net/hibernate-configuration. Use namespace http://www.hibernate.org/dtd/hibernate-configuration instead.  Support for obsolete DTD/XSD namespaces may be removed at any time.
2019-02-14 11:21:01,293 org.hibernate.annotations.common.Version <clinit> - HCANN000001: Hibernate Commons Annotations {5.1.0.Final}
2019-02-14 11:21:02,429 org.hibernate.orm.connections.pooling configure - HHH10001002: Using Hibernate built-in connection pool (not for production use!)
2019-02-14 11:21:02,437 org.hibernate.orm.connections.pooling buildCreator - HHH10001005: using driver [org.postgresql.Driver] at URL [jdbc:postgresql://149.202.8.235:5432/BDgrup2]
2019-02-14 11:21:02,438 org.hibernate.orm.connections.pooling buildCreator - HHH10001001: Connection properties: {user=grup2, password=****}
2019-02-14 11:21:02,438 org.hibernate.orm.connections.pooling buildCreator - HHH10001003: Autocommit mode: false
2019-02-14 11:21:02,442 org.hibernate.engine.jdbc.connections.internal.DriverManagerConnectionProviderImpl <init> - HHH000115: Hibernate connection pool size: 20 (min=1)
2019-02-14 11:21:02,628 org.hibernate.dialect.Dialect <init> - HHH000400: Using dialect: org.hibernate.dialect.PostgreSQLDialect
2019-02-14 11:21:32,712 org.hibernate.Version logVersion - HHH000412: Hibernate Core {5.4.0.Final}
2019-02-14 11:21:32,722 org.hibernate.cfg.Environment <clinit> - HHH000206: hibernate.properties not found
2019-02-14 11:21:32,904 org.hibernate.orm.deprecation resolveEntity - HHH90000012: Recognized obsolete hibernate namespace http://hibernate.sourceforge.net/hibernate-configuration. Use namespace http://www.hibernate.org/dtd/hibernate-configuration instead.  Support for obsolete DTD/XSD namespaces may be removed at any time.
2019-02-14 11:21:33,124 org.hibernate.annotations.common.Version <clinit> - HCANN000001: Hibernate Commons Annotations {5.1.0.Final}
2019-02-14 11:21:34,337 org.hibernate.orm.connections.pooling configure - HHH10001002: Using Hibernate built-in connection pool (not for production use!)
2019-02-14 11:21:34,338 org.hibernate.orm.connections.pooling buildCreator - HHH10001005: using driver [org.postgresql.Driver] at URL [jdbc:postgresql://149.202.8.235:5432/BDgrup2]
2019-02-14 11:21:34,338 org.hibernate.orm.connections.pooling buildCreator - HHH10001001: Connection properties: {user=grup2, password=****}
2019-02-14 11:21:34,338 org.hibernate.orm.connections.pooling buildCreator - HHH10001003: Autocommit mode: false
2019-02-14 11:21:34,338 org.hibernate.engine.jdbc.connections.internal.DriverManagerConnectionProviderImpl <init> - HHH000115: Hibernate connection pool size: 20 (min=1)
2019-02-14 11:21:34,512 org.hibernate.dialect.Dialect <init> - HHH000400: Using dialect: org.hibernate.dialect.PostgreSQLDialect
2019-02-14 11:25:02,780 org.hibernate.Version logVersion - HHH000412: Hibernate Core {5.4.0.Final}
2019-02-14 11:25:02,800 org.hibernate.cfg.Environment <clinit> - HHH000206: hibernate.properties not found
2019-02-14 11:25:02,992 org.hibernate.orm.deprecation resolveEntity - HHH90000012: Recognized obsolete hibernate namespace http://hibernate.sourceforge.net/hibernate-configuration. Use namespace http://www.hibernate.org/dtd/hibernate-configuration instead.  Support for obsolete DTD/XSD namespaces may be removed at any time.
2019-02-14 11:25:03,202 org.hibernate.annotations.common.Version <clinit> - HCANN000001: Hibernate Commons Annotations {5.1.0.Final}
2019-02-14 11:25:04,319 org.hibernate.orm.connections.pooling configure - HHH10001002: Using Hibernate built-in connection pool (not for production use!)
2019-02-14 11:25:04,319 org.hibernate.orm.connections.pooling buildCreator - HHH10001005: using driver [org.postgresql.Driver] at URL [jdbc:postgresql://149.202.8.235:5432/BDgrup2]
2019-02-14 11:25:04,319 org.hibernate.orm.connections.pooling buildCreator - HHH10001001: Connection properties: {user=grup2, password=****}
2019-02-14 11:25:04,319 org.hibernate.orm.connections.pooling buildCreator - HHH10001003: Autocommit mode: false
2019-02-14 11:25:04,329 org.hibernate.engine.jdbc.connections.internal.DriverManagerConnectionProviderImpl <init> - HHH000115: Hibernate connection pool size: 20 (min=1)
2019-02-14 11:25:04,520 org.hibernate.dialect.Dialect <init> - HHH000400: Using dialect: org.hibernate.dialect.PostgreSQLDialect
2019-02-14 11:25:18,478 org.hibernate.Version logVersion - HHH000412: Hibernate Core {5.4.0.Final}
2019-02-14 11:25:18,478 org.hibernate.cfg.Environment <clinit> - HHH000206: hibernate.properties not found
2019-02-14 11:25:18,717 org.hibernate.orm.deprecation resolveEntity - HHH90000012: Recognized obsolete hibernate namespace http://hibernate.sourceforge.net/hibernate-configuration. Use namespace http://www.hibernate.org/dtd/hibernate-configuration instead.  Support for obsolete DTD/XSD namespaces may be removed at any time.
2019-02-14 11:25:18,947 org.hibernate.annotations.common.Version <clinit> - HCANN000001: Hibernate Commons Annotations {5.1.0.Final}
2019-02-14 11:25:20,281 org.hibernate.orm.connections.pooling configure - HHH10001002: Using Hibernate built-in connection pool (not for production use!)
2019-02-14 11:25:20,291 org.hibernate.orm.connections.pooling buildCreator - HHH10001005: using driver [org.postgresql.Driver] at URL [jdbc:postgresql://149.202.8.235:5432/BDgrup2]
2019-02-14 11:25:20,291 org.hibernate.orm.connections.pooling buildCreator - HHH10001001: Connection properties: {user=grup2, password=****}
2019-02-14 11:25:20,291 org.hibernate.orm.connections.pooling buildCreator - HHH10001003: Autocommit mode: false
2019-02-14 11:25:20,291 org.hibernate.engine.jdbc.connections.internal.DriverManagerConnectionProviderImpl <init> - HHH000115: Hibernate connection pool size: 20 (min=1)
2019-02-14 11:25:20,474 org.hibernate.dialect.Dialect <init> - HHH000400: Using dialect: org.hibernate.dialect.PostgreSQLDialect
2019-02-14 11:26:37,655 org.hibernate.Version logVersion - HHH000412: Hibernate Core {5.4.0.Final}
2019-02-14 11:26:37,661 org.hibernate.cfg.Environment <clinit> - HHH000206: hibernate.properties not found
2019-02-14 11:26:37,886 org.hibernate.orm.deprecation resolveEntity - HHH90000012: Recognized obsolete hibernate namespace http://hibernate.sourceforge.net/hibernate-configuration. Use namespace http://www.hibernate.org/dtd/hibernate-configuration instead.  Support for obsolete DTD/XSD namespaces may be removed at any time.
2019-02-14 11:26:38,106 org.hibernate.annotations.common.Version <clinit> - HCANN000001: Hibernate Commons Annotations {5.1.0.Final}
2019-02-14 11:26:39,203 org.hibernate.orm.connections.pooling configure - HHH10001002: Using Hibernate built-in connection pool (not for production use!)
2019-02-14 11:26:39,213 org.hibernate.orm.connections.pooling buildCreator - HHH10001005: using driver [org.postgresql.Driver] at URL [jdbc:postgresql://149.202.8.235:5432/BDgrup2]
2019-02-14 11:26:39,213 org.hibernate.orm.connections.pooling buildCreator - HHH10001001: Connection properties: {user=grup2, password=****}
2019-02-14 11:26:39,213 org.hibernate.orm.connections.pooling buildCreator - HHH10001003: Autocommit mode: false
2019-02-14 11:26:39,213 org.hibernate.engine.jdbc.connections.internal.DriverManagerConnectionProviderImpl <init> - HHH000115: Hibernate connection pool size: 20 (min=1)
2019-02-14 11:26:39,429 org.hibernate.dialect.Dialect <init> - HHH000400: Using dialect: org.hibernate.dialect.PostgreSQLDialect
2019-02-14 11:30:37,025 org.hibernate.Version logVersion - HHH000412: Hibernate Core {5.4.0.Final}
2019-02-14 11:30:37,025 org.hibernate.cfg.Environment <clinit> - HHH000206: hibernate.properties not found
2019-02-14 11:30:37,237 org.hibernate.orm.deprecation resolveEntity - HHH90000012: Recognized obsolete hibernate namespace http://hibernate.sourceforge.net/hibernate-configuration. Use namespace http://www.hibernate.org/dtd/hibernate-configuration instead.  Support for obsolete DTD/XSD namespaces may be removed at any time.
2019-02-14 11:30:37,504 org.hibernate.annotations.common.Version <clinit> - HCANN000001: Hibernate Commons Annotations {5.1.0.Final}
2019-02-14 11:30:38,634 org.hibernate.orm.connections.pooling configure - HHH10001002: Using Hibernate built-in connection pool (not for production use!)
2019-02-14 11:30:38,644 org.hibernate.orm.connections.pooling buildCreator - HHH10001005: using driver [org.postgresql.Driver] at URL [jdbc:postgresql://149.202.8.235:5432/BDgrup2]
2019-02-14 11:30:38,644 org.hibernate.orm.connections.pooling buildCreator - HHH10001001: Connection properties: {user=grup2, password=****}
2019-02-14 11:30:38,644 org.hibernate.orm.connections.pooling buildCreator - HHH10001003: Autocommit mode: false
2019-02-14 11:30:38,644 org.hibernate.engine.jdbc.connections.internal.DriverManagerConnectionProviderImpl <init> - HHH000115: Hibernate connection pool size: 20 (min=1)
2019-02-14 11:30:38,824 org.hibernate.dialect.Dialect <init> - HHH000400: Using dialect: org.hibernate.dialect.PostgreSQLDialect
2019-02-14 11:31:21,674 org.hibernate.Version logVersion - HHH000412: Hibernate Core {5.4.0.Final}
2019-02-14 11:31:21,674 org.hibernate.cfg.Environment <clinit> - HHH000206: hibernate.properties not found
2019-02-14 11:31:21,866 org.hibernate.orm.deprecation resolveEntity - HHH90000012: Recognized obsolete hibernate namespace http://hibernate.sourceforge.net/hibernate-configuration. Use namespace http://www.hibernate.org/dtd/hibernate-configuration instead.  Support for obsolete DTD/XSD namespaces may be removed at any time.
2019-02-14 11:31:22,127 org.hibernate.annotations.common.Version <clinit> - HCANN000001: Hibernate Commons Annotations {5.1.0.Final}
2019-02-14 11:31:23,226 org.hibernate.orm.connections.pooling configure - HHH10001002: Using Hibernate built-in connection pool (not for production use!)
2019-02-14 11:31:23,236 org.hibernate.orm.connections.pooling buildCreator - HHH10001005: using driver [org.postgresql.Driver] at URL [jdbc:postgresql://149.202.8.235:5432/BDgrup2]
2019-02-14 11:31:23,236 org.hibernate.orm.connections.pooling buildCreator - HHH10001001: Connection properties: {user=grup2, password=****}
2019-02-14 11:31:23,236 org.hibernate.orm.connections.pooling buildCreator - HHH10001003: Autocommit mode: false
2019-02-14 11:31:23,246 org.hibernate.engine.jdbc.connections.internal.DriverManagerConnectionProviderImpl <init> - HHH000115: Hibernate connection pool size: 20 (min=1)
2019-02-14 11:31:23,434 org.hibernate.dialect.Dialect <init> - HHH000400: Using dialect: org.hibernate.dialect.PostgreSQLDialect
2019-02-14 11:31:58,499 org.hibernate.Version logVersion - HHH000412: Hibernate Core {5.4.0.Final}
2019-02-14 11:31:58,499 org.hibernate.cfg.Environment <clinit> - HHH000206: hibernate.properties not found
2019-02-14 11:31:58,732 org.hibernate.orm.deprecation resolveEntity - HHH90000012: Recognized obsolete hibernate namespace http://hibernate.sourceforge.net/hibernate-configuration. Use namespace http://www.hibernate.org/dtd/hibernate-configuration instead.  Support for obsolete DTD/XSD namespaces may be removed at any time.
2019-02-14 11:31:59,022 org.hibernate.annotations.common.Version <clinit> - HCANN000001: Hibernate Commons Annotations {5.1.0.Final}
2019-02-14 11:32:00,127 org.hibernate.orm.connections.pooling configure - HHH10001002: Using Hibernate built-in connection pool (not for production use!)
2019-02-14 11:32:00,137 org.hibernate.orm.connections.pooling buildCreator - HHH10001005: using driver [org.postgresql.Driver] at URL [jdbc:postgresql://149.202.8.235:5432/BDgrup2]
2019-02-14 11:32:00,137 org.hibernate.orm.connections.pooling buildCreator - HHH10001001: Connection properties: {user=grup2, password=****}
2019-02-14 11:32:00,137 org.hibernate.orm.connections.pooling buildCreator - HHH10001003: Autocommit mode: false
2019-02-14 11:32:00,137 org.hibernate.engine.jdbc.connections.internal.DriverManagerConnectionProviderImpl <init> - HHH000115: Hibernate connection pool size: 20 (min=1)
2019-02-14 11:32:00,328 org.hibernate.dialect.Dialect <init> - HHH000400: Using dialect: org.hibernate.dialect.PostgreSQLDialect
2019-02-14 11:32:38,623 org.hibernate.Version logVersion - HHH000412: Hibernate Core {5.4.0.Final}
2019-02-14 11:32:38,623 org.hibernate.cfg.Environment <clinit> - HHH000206: hibernate.properties not found
2019-02-14 11:32:38,835 org.hibernate.orm.deprecation resolveEntity - HHH90000012: Recognized obsolete hibernate namespace http://hibernate.sourceforge.net/hibernate-configuration. Use namespace http://www.hibernate.org/dtd/hibernate-configuration instead.  Support for obsolete DTD/XSD namespaces may be removed at any time.
2019-02-14 11:32:39,105 org.hibernate.annotations.common.Version <clinit> - HCANN000001: Hibernate Commons Annotations {5.1.0.Final}
2019-02-14 11:32:40,215 org.hibernate.orm.connections.pooling configure - HHH10001002: Using Hibernate built-in connection pool (not for production use!)
2019-02-14 11:32:40,217 org.hibernate.orm.connections.pooling buildCreator - HHH10001005: using driver [org.postgresql.Driver] at URL [jdbc:postgresql://149.202.8.235:5432/BDgrup2]
2019-02-14 11:32:40,217 org.hibernate.orm.connections.pooling buildCreator - HHH10001001: Connection properties: {user=grup2, password=****}
2019-02-14 11:32:40,217 org.hibernate.orm.connections.pooling buildCreator - HHH10001003: Autocommit mode: false
2019-02-14 11:32:40,227 org.hibernate.engine.jdbc.connections.internal.DriverManagerConnectionProviderImpl <init> - HHH000115: Hibernate connection pool size: 20 (min=1)
2019-02-14 11:32:40,397 org.hibernate.dialect.Dialect <init> - HHH000400: Using dialect: org.hibernate.dialect.PostgreSQLDialect
2019-02-14 11:33:19,490 org.hibernate.type.BasicTypeRegistry register - HHH000270: Type registration [java.util.UUID] overrides previous : org.hibernate.type.UUIDBinaryType@f72ed90
2019-02-14 11:33:20,758 org.hibernate.engine.transaction.jta.platform.internal.JtaPlatformInitiator initiateService - HHH000490: Using JtaPlatform implementation: [org.hibernate.engine.transaction.jta.platform.internal.NoJtaPlatform]
2019-02-14 11:33:20,835 org.hibernate.hql.internal.QueryTranslatorFactoryInitiator initiateService - HHH000397: Using ASTQueryTranslatorFactory
2019-02-14 11:36:35,175 org.hibernate.Version logVersion - HHH000412: Hibernate Core {5.4.0.Final}
2019-02-14 11:36:35,175 org.hibernate.cfg.Environment <clinit> - HHH000206: hibernate.properties not found
2019-02-14 11:36:35,385 org.hibernate.orm.deprecation resolveEntity - HHH90000012: Recognized obsolete hibernate namespace http://hibernate.sourceforge.net/hibernate-configuration. Use namespace http://www.hibernate.org/dtd/hibernate-configuration instead.  Support for obsolete DTD/XSD namespaces may be removed at any time.
2019-02-14 11:36:35,774 org.hibernate.annotations.common.Version <clinit> - HCANN000001: Hibernate Commons Annotations {5.1.0.Final}
2019-02-14 11:36:37,081 org.hibernate.orm.connections.pooling configure - HHH10001002: Using Hibernate built-in connection pool (not for production use!)
2019-02-14 11:36:37,098 org.hibernate.orm.connections.pooling buildCreator - HHH10001005: using driver [org.postgresql.Driver] at URL [jdbc:postgresql://149.202.8.235:5432/BDgrup2]
2019-02-14 11:36:37,098 org.hibernate.orm.connections.pooling buildCreator - HHH10001001: Connection properties: {user=grup2, password=****}
2019-02-14 11:36:37,099 org.hibernate.orm.connections.pooling buildCreator - HHH10001003: Autocommit mode: false
2019-02-14 11:36:37,102 org.hibernate.engine.jdbc.connections.internal.DriverManagerConnectionProviderImpl <init> - HHH000115: Hibernate connection pool size: 20 (min=1)
2019-02-14 11:36:37,300 org.hibernate.dialect.Dialect <init> - HHH000400: Using dialect: org.hibernate.dialect.PostgreSQLDialect
2019-02-14 11:37:16,320 org.hibernate.type.BasicTypeRegistry register - HHH000270: Type registration [java.util.UUID] overrides previous : org.hibernate.type.UUIDBinaryType@ce28b10
2019-02-14 11:37:17,335 org.hibernate.engine.transaction.jta.platform.internal.JtaPlatformInitiator initiateService - HHH000490: Using JtaPlatform implementation: [org.hibernate.engine.transaction.jta.platform.internal.NoJtaPlatform]
2019-02-14 11:37:17,425 org.hibernate.hql.internal.QueryTranslatorFactoryInitiator initiateService - HHH000397: Using ASTQueryTranslatorFactory
2019-02-14 11:40:32,525 org.hibernate.Version logVersion - HHH000412: Hibernate Core {5.4.0.Final}
2019-02-14 11:40:32,530 org.hibernate.cfg.Environment <clinit> - HHH000206: hibernate.properties not found
2019-02-14 11:40:32,751 org.hibernate.orm.deprecation resolveEntity - HHH90000012: Recognized obsolete hibernate namespace http://hibernate.sourceforge.net/hibernate-configuration. Use namespace http://www.hibernate.org/dtd/hibernate-configuration instead.  Support for obsolete DTD/XSD namespaces may be removed at any time.
2019-02-14 11:40:33,053 org.hibernate.annotations.common.Version <clinit> - HCANN000001: Hibernate Commons Annotations {5.1.0.Final}
2019-02-14 11:40:34,232 org.hibernate.orm.connections.pooling configure - HHH10001002: Using Hibernate built-in connection pool (not for production use!)
2019-02-14 11:40:34,242 org.hibernate.orm.connections.pooling buildCreator - HHH10001005: using driver [org.postgresql.Driver] at URL [jdbc:postgresql://149.202.8.235:5432/BDgrup2]
2019-02-14 11:40:34,242 org.hibernate.orm.connections.pooling buildCreator - HHH10001001: Connection properties: {user=grup2, password=****}
2019-02-14 11:40:34,242 org.hibernate.orm.connections.pooling buildCreator - HHH10001003: Autocommit mode: false
2019-02-14 11:40:34,242 org.hibernate.engine.jdbc.connections.internal.DriverManagerConnectionProviderImpl <init> - HHH000115: Hibernate connection pool size: 20 (min=1)
2019-02-14 11:40:34,425 org.hibernate.dialect.Dialect <init> - HHH000400: Using dialect: org.hibernate.dialect.PostgreSQLDialect
2019-02-14 11:41:31,930 org.hibernate.Version logVersion - HHH000412: Hibernate Core {5.4.0.Final}
2019-02-14 11:41:31,930 org.hibernate.cfg.Environment <clinit> - HHH000206: hibernate.properties not found
2019-02-14 11:41:32,120 org.hibernate.orm.deprecation resolveEntity - HHH90000012: Recognized obsolete hibernate namespace http://hibernate.sourceforge.net/hibernate-configuration. Use namespace http://www.hibernate.org/dtd/hibernate-configuration instead.  Support for obsolete DTD/XSD namespaces may be removed at any time.
2019-02-14 11:41:32,462 org.hibernate.annotations.common.Version <clinit> - HCANN000001: Hibernate Commons Annotations {5.1.0.Final}
2019-02-14 11:41:33,567 org.hibernate.orm.connections.pooling configure - HHH10001002: Using Hibernate built-in connection pool (not for production use!)
2019-02-14 11:41:33,567 org.hibernate.orm.connections.pooling buildCreator - HHH10001005: using driver [org.postgresql.Driver] at URL [jdbc:postgresql://149.202.8.235:5432/BDgrup2]
2019-02-14 11:41:33,567 org.hibernate.orm.connections.pooling buildCreator - HHH10001001: Connection properties: {user=grup2, password=****}
2019-02-14 11:41:33,567 org.hibernate.orm.connections.pooling buildCreator - HHH10001003: Autocommit mode: false
2019-02-14 11:41:33,577 org.hibernate.engine.jdbc.connections.internal.DriverManagerConnectionProviderImpl <init> - HHH000115: Hibernate connection pool size: 20 (min=1)
2019-02-14 11:41:33,777 org.hibernate.dialect.Dialect <init> - HHH000400: Using dialect: org.hibernate.dialect.PostgreSQLDialect
2019-02-14 11:42:49,684 org.hibernate.Version logVersion - HHH000412: Hibernate Core {5.4.0.Final}
2019-02-14 11:42:49,684 org.hibernate.cfg.Environment <clinit> - HHH000206: hibernate.properties not found
2019-02-14 11:42:49,884 org.hibernate.orm.deprecation resolveEntity - HHH90000012: Recognized obsolete hibernate namespace http://hibernate.sourceforge.net/hibernate-configuration. Use namespace http://www.hibernate.org/dtd/hibernate-configuration instead.  Support for obsolete DTD/XSD namespaces may be removed at any time.
2019-02-14 11:42:50,184 org.hibernate.annotations.common.Version <clinit> - HCANN000001: Hibernate Commons Annotations {5.1.0.Final}
2019-02-14 11:42:51,284 org.hibernate.orm.connections.pooling configure - HHH10001002: Using Hibernate built-in connection pool (not for production use!)
2019-02-14 11:42:51,284 org.hibernate.orm.connections.pooling buildCreator - HHH10001005: using driver [org.postgresql.Driver] at URL [jdbc:postgresql://149.202.8.235:5432/BDgrup2]
2019-02-14 11:42:51,284 org.hibernate.orm.connections.pooling buildCreator - HHH10001001: Connection properties: {user=grup2, password=****}
2019-02-14 11:42:51,284 org.hibernate.orm.connections.pooling buildCreator - HHH10001003: Autocommit mode: false
2019-02-14 11:42:51,294 org.hibernate.engine.jdbc.connections.internal.DriverManagerConnectionProviderImpl <init> - HHH000115: Hibernate connection pool size: 20 (min=1)
2019-02-14 11:42:51,485 org.hibernate.dialect.Dialect <init> - HHH000400: Using dialect: org.hibernate.dialect.PostgreSQLDialect
2019-02-14 11:43:30,600 org.hibernate.type.BasicTypeRegistry register - HHH000270: Type registration [java.util.UUID] overrides previous : org.hibernate.type.UUIDBinaryType@4b6feaff
2019-02-14 11:43:31,605 org.hibernate.engine.transaction.jta.platform.internal.JtaPlatformInitiator initiateService - HHH000490: Using JtaPlatform implementation: [org.hibernate.engine.transaction.jta.platform.internal.NoJtaPlatform]
2019-02-14 11:43:31,695 org.hibernate.hql.internal.QueryTranslatorFactoryInitiator initiateService - HHH000397: Using ASTQueryTranslatorFactory
2019-02-14 11:47:29,094 org.hibernate.Version logVersion - HHH000412: Hibernate Core {5.4.0.Final}
2019-02-14 11:47:29,104 org.hibernate.cfg.Environment <clinit> - HHH000206: hibernate.properties not found
2019-02-14 11:47:29,286 org.hibernate.orm.deprecation resolveEntity - HHH90000012: Recognized obsolete hibernate namespace http://hibernate.sourceforge.net/hibernate-configuration. Use namespace http://www.hibernate.org/dtd/hibernate-configuration instead.  Support for obsolete DTD/XSD namespaces may be removed at any time.
2019-02-14 11:47:29,616 org.hibernate.annotations.common.Version <clinit> - HCANN000001: Hibernate Commons Annotations {5.1.0.Final}
2019-02-14 11:47:30,686 org.hibernate.orm.connections.pooling configure - HHH10001002: Using Hibernate built-in connection pool (not for production use!)
2019-02-14 11:47:30,696 org.hibernate.orm.connections.pooling buildCreator - HHH10001005: using driver [org.postgresql.Driver] at URL [jdbc:postgresql://149.202.8.235:5432/BDgrup2]
2019-02-14 11:47:30,696 org.hibernate.orm.connections.pooling buildCreator - HHH10001001: Connection properties: {user=grup2, password=****}
2019-02-14 11:47:30,696 org.hibernate.orm.connections.pooling buildCreator - HHH10001003: Autocommit mode: false
2019-02-14 11:47:30,696 org.hibernate.engine.jdbc.connections.internal.DriverManagerConnectionProviderImpl <init> - HHH000115: Hibernate connection pool size: 20 (min=1)
2019-02-14 11:47:30,876 org.hibernate.dialect.Dialect <init> - HHH000400: Using dialect: org.hibernate.dialect.PostgreSQLDialect
2019-02-14 11:47:58,209 org.hibernate.Version logVersion - HHH000412: Hibernate Core {5.4.0.Final}
2019-02-14 11:47:58,219 org.hibernate.cfg.Environment <clinit> - HHH000206: hibernate.properties not found
2019-02-14 11:47:58,389 org.hibernate.orm.deprecation resolveEntity - HHH90000012: Recognized obsolete hibernate namespace http://hibernate.sourceforge.net/hibernate-configuration. Use namespace http://www.hibernate.org/dtd/hibernate-configuration instead.  Support for obsolete DTD/XSD namespaces may be removed at any time.
2019-02-14 11:47:58,703 org.hibernate.annotations.common.Version <clinit> - HCANN000001: Hibernate Commons Annotations {5.1.0.Final}
2019-02-14 11:47:59,726 org.hibernate.orm.connections.pooling configure - HHH10001002: Using Hibernate built-in connection pool (not for production use!)
2019-02-14 11:47:59,736 org.hibernate.orm.connections.pooling buildCreator - HHH10001005: using driver [org.postgresql.Driver] at URL [jdbc:postgresql://149.202.8.235:5432/BDgrup2]
2019-02-14 11:47:59,736 org.hibernate.orm.connections.pooling buildCreator - HHH10001001: Connection properties: {user=grup2, password=****}
2019-02-14 11:47:59,736 org.hibernate.orm.connections.pooling buildCreator - HHH10001003: Autocommit mode: false
2019-02-14 11:47:59,736 org.hibernate.engine.jdbc.connections.internal.DriverManagerConnectionProviderImpl <init> - HHH000115: Hibernate connection pool size: 20 (min=1)
2019-02-14 11:47:59,906 org.hibernate.dialect.Dialect <init> - HHH000400: Using dialect: org.hibernate.dialect.PostgreSQLDialect
2019-02-14 11:49:43,016 org.hibernate.Version logVersion - HHH000412: Hibernate Core {5.4.0.Final}
2019-02-14 11:49:43,016 org.hibernate.cfg.Environment <clinit> - HHH000206: hibernate.properties not found
2019-02-14 11:49:43,186 org.hibernate.orm.deprecation resolveEntity - HHH90000012: Recognized obsolete hibernate namespace http://hibernate.sourceforge.net/hibernate-configuration. Use namespace http://www.hibernate.org/dtd/hibernate-configuration instead.  Support for obsolete DTD/XSD namespaces may be removed at any time.
2019-02-14 11:49:43,509 org.hibernate.annotations.common.Version <clinit> - HCANN000001: Hibernate Commons Annotations {5.1.0.Final}
2019-02-14 11:49:44,595 org.hibernate.orm.connections.pooling configure - HHH10001002: Using Hibernate built-in connection pool (not for production use!)
2019-02-14 11:49:44,605 org.hibernate.orm.connections.pooling buildCreator - HHH10001005: using driver [org.postgresql.Driver] at URL [jdbc:postgresql://149.202.8.235:5432/BDgrup2]
2019-02-14 11:49:44,605 org.hibernate.orm.connections.pooling buildCreator - HHH10001001: Connection properties: {user=grup2, password=****}
2019-02-14 11:49:44,605 org.hibernate.orm.connections.pooling buildCreator - HHH10001003: Autocommit mode: false
2019-02-14 11:49:44,615 org.hibernate.engine.jdbc.connections.internal.DriverManagerConnectionProviderImpl <init> - HHH000115: Hibernate connection pool size: 20 (min=1)
2019-02-14 11:49:44,785 org.hibernate.dialect.Dialect <init> - HHH000400: Using dialect: org.hibernate.dialect.PostgreSQLDialect
2019-02-14 11:50:10,191 org.hibernate.Version logVersion - HHH000412: Hibernate Core {5.4.0.Final}
2019-02-14 11:50:10,201 org.hibernate.cfg.Environment <clinit> - HHH000206: hibernate.properties not found
2019-02-14 11:50:10,361 org.hibernate.orm.deprecation resolveEntity - HHH90000012: Recognized obsolete hibernate namespace http://hibernate.sourceforge.net/hibernate-configuration. Use namespace http://www.hibernate.org/dtd/hibernate-configuration instead.  Support for obsolete DTD/XSD namespaces may be removed at any time.
2019-02-14 11:50:10,689 org.hibernate.annotations.common.Version <clinit> - HCANN000001: Hibernate Commons Annotations {5.1.0.Final}
2019-02-14 11:50:11,795 org.hibernate.orm.connections.pooling configure - HHH10001002: Using Hibernate built-in connection pool (not for production use!)
2019-02-14 11:50:11,805 org.hibernate.orm.connections.pooling buildCreator - HHH10001005: using driver [org.postgresql.Driver] at URL [jdbc:postgresql://149.202.8.235:5432/BDgrup2]
2019-02-14 11:50:11,805 org.hibernate.orm.connections.pooling buildCreator - HHH10001001: Connection properties: {user=grup2, password=****}
2019-02-14 11:50:11,805 org.hibernate.orm.connections.pooling buildCreator - HHH10001003: Autocommit mode: false
2019-02-14 11:50:11,805 org.hibernate.engine.jdbc.connections.internal.DriverManagerConnectionProviderImpl <init> - HHH000115: Hibernate connection pool size: 20 (min=1)
2019-02-14 11:50:11,985 org.hibernate.dialect.Dialect <init> - HHH000400: Using dialect: org.hibernate.dialect.PostgreSQLDialect
2019-02-14 11:50:54,655 org.hibernate.Version logVersion - HHH000412: Hibernate Core {5.4.0.Final}
2019-02-14 11:50:54,659 org.hibernate.cfg.Environment <clinit> - HHH000206: hibernate.properties not found
2019-02-14 11:50:54,837 org.hibernate.orm.deprecation resolveEntity - HHH90000012: Recognized obsolete hibernate namespace http://hibernate.sourceforge.net/hibernate-configuration. Use namespace http://www.hibernate.org/dtd/hibernate-configuration instead.  Support for obsolete DTD/XSD namespaces may be removed at any time.
2019-02-14 11:50:55,167 org.hibernate.annotations.common.Version <clinit> - HCANN000001: Hibernate Commons Annotations {5.1.0.Final}
2019-02-14 11:50:56,261 org.hibernate.orm.connections.pooling configure - HHH10001002: Using Hibernate built-in connection pool (not for production use!)
2019-02-14 11:50:56,261 org.hibernate.orm.connections.pooling buildCreator - HHH10001005: using driver [org.postgresql.Driver] at URL [jdbc:postgresql://149.202.8.235:5432/BDgrup2]
2019-02-14 11:50:56,261 org.hibernate.orm.connections.pooling buildCreator - HHH10001001: Connection properties: {user=grup2, password=****}
2019-02-14 11:50:56,271 org.hibernate.orm.connections.pooling buildCreator - HHH10001003: Autocommit mode: false
2019-02-14 11:50:56,271 org.hibernate.engine.jdbc.connections.internal.DriverManagerConnectionProviderImpl <init> - HHH000115: Hibernate connection pool size: 20 (min=1)
2019-02-14 11:50:56,447 org.hibernate.dialect.Dialect <init> - HHH000400: Using dialect: org.hibernate.dialect.PostgreSQLDialect
2019-02-14 11:51:18,607 org.hibernate.Version logVersion - HHH000412: Hibernate Core {5.4.0.Final}
2019-02-14 11:51:18,617 org.hibernate.cfg.Environment <clinit> - HHH000206: hibernate.properties not found
2019-02-14 11:51:18,757 org.hibernate.orm.deprecation resolveEntity - HHH90000012: Recognized obsolete hibernate namespace http://hibernate.sourceforge.net/hibernate-configuration. Use namespace http://www.hibernate.org/dtd/hibernate-configuration instead.  Support for obsolete DTD/XSD namespaces may be removed at any time.
2019-02-14 11:51:19,107 org.hibernate.annotations.common.Version <clinit> - HCANN000001: Hibernate Commons Annotations {5.1.0.Final}
2019-02-14 11:51:20,191 org.hibernate.orm.connections.pooling configure - HHH10001002: Using Hibernate built-in connection pool (not for production use!)
2019-02-14 11:51:20,201 org.hibernate.orm.connections.pooling buildCreator - HHH10001005: using driver [org.postgresql.Driver] at URL [jdbc:postgresql://149.202.8.235:5432/BDgrup2]
2019-02-14 11:51:20,201 org.hibernate.orm.connections.pooling buildCreator - HHH10001001: Connection properties: {user=grup2, password=****}
2019-02-14 11:51:20,201 org.hibernate.orm.connections.pooling buildCreator - HHH10001003: Autocommit mode: false
2019-02-14 11:51:20,201 org.hibernate.engine.jdbc.connections.internal.DriverManagerConnectionProviderImpl <init> - HHH000115: Hibernate connection pool size: 20 (min=1)
2019-02-14 11:51:20,371 org.hibernate.dialect.Dialect <init> - HHH000400: Using dialect: org.hibernate.dialect.PostgreSQLDialect
2019-02-14 11:51:41,578 org.hibernate.Version logVersion - HHH000412: Hibernate Core {5.4.0.Final}
2019-02-14 11:51:41,578 org.hibernate.cfg.Environment <clinit> - HHH000206: hibernate.properties not found
2019-02-14 11:51:41,768 org.hibernate.orm.deprecation resolveEntity - HHH90000012: Recognized obsolete hibernate namespace http://hibernate.sourceforge.net/hibernate-configuration. Use namespace http://www.hibernate.org/dtd/hibernate-configuration instead.  Support for obsolete DTD/XSD namespaces may be removed at any time.
2019-02-14 11:51:42,085 org.hibernate.annotations.common.Version <clinit> - HCANN000001: Hibernate Commons Annotations {5.1.0.Final}
2019-02-14 11:51:43,155 org.hibernate.orm.connections.pooling configure - HHH10001002: Using Hibernate built-in connection pool (not for production use!)
2019-02-14 11:51:43,165 org.hibernate.orm.connections.pooling buildCreator - HHH10001005: using driver [org.postgresql.Driver] at URL [jdbc:postgresql://149.202.8.235:5432/BDgrup2]
2019-02-14 11:51:43,165 org.hibernate.orm.connections.pooling buildCreator - HHH10001001: Connection properties: {user=grup2, password=****}
2019-02-14 11:51:43,165 org.hibernate.orm.connections.pooling buildCreator - HHH10001003: Autocommit mode: false
2019-02-14 11:51:43,175 org.hibernate.engine.jdbc.connections.internal.DriverManagerConnectionProviderImpl <init> - HHH000115: Hibernate connection pool size: 20 (min=1)
2019-02-14 11:51:43,345 org.hibernate.dialect.Dialect <init> - HHH000400: Using dialect: org.hibernate.dialect.PostgreSQLDialect
2019-02-14 11:52:22,397 org.hibernate.type.BasicTypeRegistry register - HHH000270: Type registration [java.util.UUID] overrides previous : org.hibernate.type.UUIDBinaryType@4a778d11
2019-02-14 11:52:23,357 org.hibernate.engine.transaction.jta.platform.internal.JtaPlatformInitiator initiateService - HHH000490: Using JtaPlatform implementation: [org.hibernate.engine.transaction.jta.platform.internal.NoJtaPlatform]
2019-02-14 11:52:23,437 org.hibernate.hql.internal.QueryTranslatorFactoryInitiator initiateService - HHH000397: Using ASTQueryTranslatorFactory
2019-02-14 12:18:22,111 org.hibernate.Version logVersion - HHH000412: Hibernate Core {5.4.0.Final}
2019-02-14 12:18:22,121 org.hibernate.cfg.Environment <clinit> - HHH000206: hibernate.properties not found
2019-02-14 12:18:22,301 org.hibernate.orm.deprecation resolveEntity - HHH90000012: Recognized obsolete hibernate namespace http://hibernate.sourceforge.net/hibernate-configuration. Use namespace http://www.hibernate.org/dtd/hibernate-configuration instead.  Support for obsolete DTD/XSD namespaces may be removed at any time.
2019-02-14 12:18:22,621 org.hibernate.annotations.common.Version <clinit> - HCANN000001: Hibernate Commons Annotations {5.1.0.Final}
2019-02-14 12:18:23,621 org.hibernate.orm.connections.pooling configure - HHH10001002: Using Hibernate built-in connection pool (not for production use!)
2019-02-14 12:18:23,631 org.hibernate.orm.connections.pooling buildCreator - HHH10001005: using driver [org.postgresql.Driver] at URL [jdbc:postgresql://149.202.8.235:5432/BDgrup2]
2019-02-14 12:18:23,631 org.hibernate.orm.connections.pooling buildCreator - HHH10001001: Connection properties: {user=grup2, password=****}
2019-02-14 12:18:23,631 org.hibernate.orm.connections.pooling buildCreator - HHH10001003: Autocommit mode: false
2019-02-14 12:18:23,631 org.hibernate.engine.jdbc.connections.internal.DriverManagerConnectionProviderImpl <init> - HHH000115: Hibernate connection pool size: 20 (min=1)
2019-02-14 12:18:23,811 org.hibernate.dialect.Dialect <init> - HHH000400: Using dialect: org.hibernate.dialect.PostgreSQLDialect
2019-02-14 12:19:02,997 org.hibernate.type.BasicTypeRegistry register - HHH000270: Type registration [java.util.UUID] overrides previous : org.hibernate.type.UUIDBinaryType@4a778d11
2019-02-14 12:19:03,929 org.hibernate.engine.transaction.jta.platform.internal.JtaPlatformInitiator initiateService - HHH000490: Using JtaPlatform implementation: [org.hibernate.engine.transaction.jta.platform.internal.NoJtaPlatform]
2019-02-14 12:19:04,019 org.hibernate.hql.internal.QueryTranslatorFactoryInitiator initiateService - HHH000397: Using ASTQueryTranslatorFactory
2019-02-14 12:20:49,865 org.hibernate.Version logVersion - HHH000412: Hibernate Core {5.4.0.Final}
2019-02-14 12:20:49,869 org.hibernate.cfg.Environment <clinit> - HHH000206: hibernate.properties not found
2019-02-14 12:20:50,095 org.hibernate.orm.deprecation resolveEntity - HHH90000012: Recognized obsolete hibernate namespace http://hibernate.sourceforge.net/hibernate-configuration. Use namespace http://www.hibernate.org/dtd/hibernate-configuration instead.  Support for obsolete DTD/XSD namespaces may be removed at any time.
2019-02-14 12:20:50,435 org.hibernate.annotations.common.Version <clinit> - HCANN000001: Hibernate Commons Annotations {5.1.0.Final}
2019-02-14 12:20:51,485 org.hibernate.orm.connections.pooling configure - HHH10001002: Using Hibernate built-in connection pool (not for production use!)
2019-02-14 12:20:51,495 org.hibernate.orm.connections.pooling buildCreator - HHH10001005: using driver [org.postgresql.Driver] at URL [jdbc:postgresql://149.202.8.235:5432/BDgrup2]
2019-02-14 12:20:51,495 org.hibernate.orm.connections.pooling buildCreator - HHH10001001: Connection properties: {user=grup2, password=****}
2019-02-14 12:20:51,495 org.hibernate.orm.connections.pooling buildCreator - HHH10001003: Autocommit mode: false
2019-02-14 12:20:51,495 org.hibernate.engine.jdbc.connections.internal.DriverManagerConnectionProviderImpl <init> - HHH000115: Hibernate connection pool size: 20 (min=1)
2019-02-14 12:20:51,675 org.hibernate.dialect.Dialect <init> - HHH000400: Using dialect: org.hibernate.dialect.PostgreSQLDialect
2019-02-14 12:21:30,626 org.hibernate.type.BasicTypeRegistry register - HHH000270: Type registration [java.util.UUID] overrides previous : org.hibernate.type.UUIDBinaryType@4b6feaff
2019-02-14 12:21:31,586 org.hibernate.engine.transaction.jta.platform.internal.JtaPlatformInitiator initiateService - HHH000490: Using JtaPlatform implementation: [org.hibernate.engine.transaction.jta.platform.internal.NoJtaPlatform]
2019-02-14 12:21:31,666 org.hibernate.hql.internal.QueryTranslatorFactoryInitiator initiateService - HHH000397: Using ASTQueryTranslatorFactory
2019-02-14 12:34:32,877 org.hibernate.Version logVersion - HHH000412: Hibernate Core {5.4.0.Final}
2019-02-14 12:34:32,881 org.hibernate.cfg.Environment <clinit> - HHH000206: hibernate.properties not found
2019-02-14 12:34:33,063 org.hibernate.orm.deprecation resolveEntity - HHH90000012: Recognized obsolete hibernate namespace http://hibernate.sourceforge.net/hibernate-configuration. Use namespace http://www.hibernate.org/dtd/hibernate-configuration instead.  Support for obsolete DTD/XSD namespaces may be removed at any time.
2019-02-14 12:34:33,383 org.hibernate.annotations.common.Version <clinit> - HCANN000001: Hibernate Commons Annotations {5.1.0.Final}
2019-02-14 12:34:34,437 org.hibernate.orm.connections.pooling configure - HHH10001002: Using Hibernate built-in connection pool (not for production use!)
2019-02-14 12:34:34,447 org.hibernate.orm.connections.pooling buildCreator - HHH10001005: using driver [org.postgresql.Driver] at URL [jdbc:postgresql://149.202.8.235:5432/BDgrup2]
2019-02-14 12:34:34,447 org.hibernate.orm.connections.pooling buildCreator - HHH10001001: Connection properties: {user=grup2, password=****}
2019-02-14 12:34:34,447 org.hibernate.orm.connections.pooling buildCreator - HHH10001003: Autocommit mode: false
2019-02-14 12:34:34,457 org.hibernate.engine.jdbc.connections.internal.DriverManagerConnectionProviderImpl <init> - HHH000115: Hibernate connection pool size: 20 (min=1)
2019-02-14 12:34:34,628 org.hibernate.dialect.Dialect <init> - HHH000400: Using dialect: org.hibernate.dialect.PostgreSQLDialect
2019-02-14 12:35:13,568 org.hibernate.type.BasicTypeRegistry register - HHH000270: Type registration [java.util.UUID] overrides previous : org.hibernate.type.UUIDBinaryType@4b6feaff
2019-02-14 12:35:14,543 org.hibernate.engine.transaction.jta.platform.internal.JtaPlatformInitiator initiateService - HHH000490: Using JtaPlatform implementation: [org.hibernate.engine.transaction.jta.platform.internal.NoJtaPlatform]
2019-02-14 12:35:14,643 org.hibernate.hql.internal.QueryTranslatorFactoryInitiator initiateService - HHH000397: Using ASTQueryTranslatorFactory
2019-02-14 12:36:32,732 org.hibernate.Version logVersion - HHH000412: Hibernate Core {5.4.0.Final}
2019-02-14 12:36:32,742 org.hibernate.cfg.Environment <clinit> - HHH000206: hibernate.properties not found
2019-02-14 12:36:32,932 org.hibernate.orm.deprecation resolveEntity - HHH90000012: Recognized obsolete hibernate namespace http://hibernate.sourceforge.net/hibernate-configuration. Use namespace http://www.hibernate.org/dtd/hibernate-configuration instead.  Support for obsolete DTD/XSD namespaces may be removed at any time.
2019-02-14 12:36:33,244 org.hibernate.annotations.common.Version <clinit> - HCANN000001: Hibernate Commons Annotations {5.1.0.Final}
2019-02-14 12:36:34,289 org.hibernate.orm.connections.pooling configure - HHH10001002: Using Hibernate built-in connection pool (not for production use!)
2019-02-14 12:36:34,299 org.hibernate.orm.connections.pooling buildCreator - HHH10001005: using driver [org.postgresql.Driver] at URL [jdbc:postgresql://149.202.8.235:5432/BDgrup2]
2019-02-14 12:36:34,299 org.hibernate.orm.connections.pooling buildCreator - HHH10001001: Connection properties: {user=grup2, password=****}
2019-02-14 12:36:34,299 org.hibernate.orm.connections.pooling buildCreator - HHH10001003: Autocommit mode: false
2019-02-14 12:36:34,309 org.hibernate.engine.jdbc.connections.internal.DriverManagerConnectionProviderImpl <init> - HHH000115: Hibernate connection pool size: 20 (min=1)
2019-02-14 12:36:34,490 org.hibernate.dialect.Dialect <init> - HHH000400: Using dialect: org.hibernate.dialect.PostgreSQLDialect
2019-02-14 12:37:13,552 org.hibernate.type.BasicTypeRegistry register - HHH000270: Type registration [java.util.UUID] overrides previous : org.hibernate.type.UUIDBinaryType@4a778d11
2019-02-14 12:37:14,523 org.hibernate.engine.transaction.jta.platform.internal.JtaPlatformInitiator initiateService - HHH000490: Using JtaPlatform implementation: [org.hibernate.engine.transaction.jta.platform.internal.NoJtaPlatform]
2019-02-14 12:37:14,653 org.hibernate.hql.internal.QueryTranslatorFactoryInitiator initiateService - HHH000397: Using ASTQueryTranslatorFactory
